<?xml version="1.0" encoding="UTF-8"?>
<!-- Generated by org.testng.reporters.JUnitReportReporter -->
<testsuite hostname="P52A" failures="0" tests="2" name="hust.cs.javacourse.search.parse.LengthTermTupleFilterTest" time="0.001" errors="0" timestamp="07 6æœˆ 2024 14:59:02 GMT" skipped="0">
  <testcase classname="hust.cs.javacourse.search.parse.LengthTermTupleFilterTest" name="testNext" time="0.001"/>
  <testcase classname="hust.cs.javacourse.search.parse.LengthTermTupleFilterTest" name="testNext" time="0.000"/>
</testsuite> <!-- hust.cs.javacourse.search.parse.LengthTermTupleFilterTest -->
